<?xml version="1.0" encoding="UTF-8"?>
<!-- Generated by org.testng.reporters.JUnitReportReporter -->
<testsuite hostname="JunaidAhmeds-MacBook-Pro.local" name="Test.TestIrctcRegistration" tests="1" failures="0" timestamp="10 Jun 2020 02:58:03 GMT" time="15.640" errors="0">
  <testcase name="Registration" time="15.640" classname="Test.TestIrctcRegistration"/>
</testsuite> <!-- Test.TestIrctcRegistration -->
